<?xml version="1.0" encoding="UTF-8"?>
<!-- Generated by org.testng.reporters.JUnitXMLReporter -->
<testsuite hostname="MYDear-PC" ignored="0" name="Default test" tests="2" failures="0" timestamp="02 Apr 2017 04:08:09 GMT" time="25.753" errors="0">
  <testcase name="testInValidLoginTC1358" time="6.678" classname="com.sonar.cubes.test.functional.TestLoginUS101"/>
  <testcase name="testInValidLoginTC1359" time="6.315" classname="com.sonar.cubes.test.functional.TestLoginUS101"/>
</testsuite> <!-- Default test -->
